<?xml version="1.0" encoding="UTF-8"?>
<testsuite name="com.getcapacitor.ExampleUnitTest" tests="1" skipped="0" failures="0" errors="0" timestamp="2019-09-10T16:21:27" hostname="ubuntu-Latitude-3490" time="0.0">
  <properties/>
  <testcase name="addition_isCorrect" classname="com.getcapacitor.ExampleUnitTest" time="0.0"/>
  <system-out><![CDATA[]]></system-out>
  <system-err><![CDATA[]]></system-err>
</testsuite>
